Flutter crash report.
Please report a bug at https://github.com/flutter/flutter/issues.

## command

flutter pub get

## exception

ProcessException: ProcessException: No such file or directory
  Command: /Users/daniel/flutter/bin/cache/dart-sdk/bin/pub --verbosity=warning get --no-precompile

```
#0      _ProcessImpl._start (dart:io-patch/process_patch.dart:390:33)
#1      Process.start (dart:io-patch/process_patch.dart:36:20)
#2      LocalProcessManager.start (package:process/src/interface/local_process_manager.dart:39:20)
#3      ErrorHandlingProcessManager.start.<anonymous closure> (package:flutter_tools/src/base/error_handling_io.dart:744:24)
#4      _run (package:flutter_tools/src/base/error_handling_io.dart:536:20)
#5      ErrorHandlingProcessManager.start (package:flutter_tools/src/base/error_handling_io.dart:734:12)
#6      _DefaultProcessUtils.start (package:flutter_tools/src/base/process.dart:474:28)
#7      _DefaultProcessUtils.stream (package:flutter_tools/src/base/process.dart:493:35)
#8      _DefaultPub.batch (package:flutter_tools/src/dart/pub.dart:284:34)
<asynchronous suspension>
#9      _DefaultPub.get (package:flutter_tools/src/dart/pub.dart:224:7)
<asynchronous suspension>
#10     PackagesGetCommand._runPubGet (package:flutter_tools/src/commands/packages.dart:133:7)
<asynchronous suspension>
#11     PackagesGetCommand.runCommand (package:flutter_tools/src/commands/packages.dart:166:5)
<asynchronous suspension>
#12     FlutterCommand.verifyThenRunCommand (package:flutter_tools/src/runner/flutter_command.dart:1186:12)
<asynchronous suspension>
#13     FlutterCommand.run.<anonymous closure> (package:flutter_tools/src/runner/flutter_command.dart:1037:27)
<asynchronous suspension>
#14     AppContext.run.<anonymous closure> (package:flutter_tools/src/base/context.dart:152:19)
<asynchronous suspension>
#15     AppContext.run (package:flutter_tools/src/base/context.dart:151:12)
<asynchronous suspension>
#16     CommandRunner.runCommand (package:args/command_runner.dart:197:13)
<asynchronous suspension>
#17     FlutterCommandRunner.runCommand.<anonymous closure> (package:flutter_tools/src/runner/flutter_command_runner.dart:283:9)
<asynchronous suspension>
#18     AppContext.run.<anonymous closure> (package:flutter_tools/src/base/context.dart:152:19)
<asynchronous suspension>
#19     AppContext.run (package:flutter_tools/src/base/context.dart:151:12)
<asynchronous suspension>
#20     FlutterCommandRunner.runCommand (package:flutter_tools/src/runner/flutter_command_runner.dart:239:5)
<asynchronous suspension>
#21     run.<anonymous closure>.<anonymous closure> (package:flutter_tools/runner.dart:62:9)
<asynchronous suspension>
#22     run.<anonymous closure> (package:flutter_tools/runner.dart:60:12)
<asynchronous suspension>
#23     AppContext.run.<anonymous closure> (package:flutter_tools/src/base/context.dart:152:19)
<asynchronous suspension>
#24     AppContext.run (package:flutter_tools/src/base/context.dart:151:12)
<asynchronous suspension>
#25     runInContext (package:flutter_tools/src/context_runner.dart:77:10)
<asynchronous suspension>
#26     main (package:flutter_tools/executable.dart:92:3)
<asynchronous suspension>
```

## flutter doctor

```
[✓] Flutter (Channel dev, 2.1.0-10.0.pre, on macOS 11.2.1 20D74 darwin-x64, locale en-US)
    • Flutter version 2.1.0-10.0.pre at /Users/daniel/flutter
    • Framework revision cc9b78fc5c (9 days ago), 2021-02-25 13:26:03 -0800
    • Engine revision a252ec09b7
    • Dart version 2.13.0 (build 2.13.0-77.0.dev)

[✓] Android toolchain - develop for Android devices (Android SDK version 30.0.3)
    • Android SDK at /Users/daniel/Library/Android/sdk
    • Platform android-30, build-tools 30.0.3
    • Java binary at: /Users/daniel/Library/Application Support/JetBrains/Toolbox/apps/AndroidStudio/ch-0/201.7042882/Android Studio.app/Contents/jre/jdk/Contents/Home/bin/java
    • Java version OpenJDK Runtime Environment (build 1.8.0_242-release-1644-b3-6915495)
    • All Android licenses accepted.

[✓] Xcode - develop for iOS and macOS
    • Xcode at /Applications/Xcode.app/Contents/Developer
    • Xcode 12.4, Build version 12D4e
    • CocoaPods version 1.10.1

[✓] Chrome - develop for the web
    • Chrome at /Applications/Google Chrome.app/Contents/MacOS/Google Chrome

[✓] Android Studio (version 4.1)
    • Android Studio at /Users/daniel/Library/Application Support/JetBrains/Toolbox/apps/AndroidStudio/ch-0/201.7042882/Android Studio.app/Contents
    • Flutter plugin can be installed from:
      🔨 https://plugins.jetbrains.com/plugin/9212-flutter
    • Dart plugin can be installed from:
      🔨 https://plugins.jetbrains.com/plugin/6351-dart
    • Java version OpenJDK Runtime Environment (build 1.8.0_242-release-1644-b3-6915495)

[✓] VS Code (version 1.52.1)
    • VS Code at /Applications/Visual Studio Code.app/Contents
    • Flutter extension version 3.20.0

[✓] Connected device (1 available)
    • Chrome (web) • chrome • web-javascript • Google Chrome 89.0.4389.82

• No issues found!
```
